<?xml version="1.0" encoding="UTF-8"?>
<!-- Generated by org.testng.reporters.JUnitReportReporter -->
<testsuite hostname="DESKTOP-V7SJ8SG" failures="0" tests="1" name="com.inetbanking.testCases.TC_LoginTest_001" time="0.985" errors="0" timestamp="27 Oct 2021 18:39:41 GMT" skipped="0">
  <testcase classname="com.inetbanking.testCases.TC_LoginTest_001" name="loginTest" time="0.985"/>
</testsuite> <!-- com.inetbanking.testCases.TC_LoginTest_001 -->
