<?xml version="1.0" encoding="UTF-8"?>
<!-- Generated by org.testng.reporters.JUnitReportReporter -->
<testsuite hostname="DESKTOP-V7SJ8SG" failures="0" tests="1" name="com.inetbanking.testCases.TC_AddCustomerTest_003" time="13.508" errors="0" timestamp="27 Oct 2021 13:56:53 GMT" skipped="0">
  <testcase classname="com.inetbanking.testCases.TC_AddCustomerTest_003" name="addNewCustomer" time="13.508"/>
</testsuite> <!-- com.inetbanking.testCases.TC_AddCustomerTest_003 -->
